<?xml version="1.0" encoding="UTF-8"?>
<!-- Generated by org.testng.reporters.JUnitXMLReporter -->
<testsuite ignored="0" hostname="LAPTOP-EQRVS8JD" failures="0" tests="2" name="ErrorVaalidationTest" time="8.856" errors="0" timestamp="2024-08-31T11:46:54 IST">
  <testcase classname="com.abhishek.ErrorVaalidationTest" name="loginErrorValidation" time="0.483"/>
  <testcase classname="com.abhishek.ErrorVaalidationTest" name="productErrorValidation" time="2.902"/>
</testsuite> <!-- ErrorVaalidationTest -->
