<?xml version="1.0" encoding="UTF-8"?>
<!-- Generated by org.testng.reporters.JUnitXMLReporter -->
<testsuite ignored="0" hostname="LAPTOP-EQRVS8JD" failures="0" tests="2" name="ErrorVaalidationTest" time="8.796" errors="0" timestamp="2024-08-31T12:51:03 IST">
  <testcase classname="com.abhishek.ErrorVaalidationTest" name="loginErrorValidation" time="0.748"/>
  <testcase classname="com.abhishek.ErrorVaalidationTest" name="productErrorValidation" time="3.329"/>
</testsuite> <!-- ErrorVaalidationTest -->
