<?xml version="1.0" encoding="UTF-8"?>
<testng-results ignored="0" total="4" passed="2" failed="1" skipped="1">
  <reporter-output>
  </reporter-output>
  <suite started-at="2024-08-31T12:50:54 IST" name="Suite" finished-at="2024-08-31T12:51:03 IST" duration-ms="8799">
    <groups>
      <group name="ErrorHandling">
        <method signature="ErrorVaalidationTest.loginErrorValidation()[pri:0, instance:com.abhishek.ErrorVaalidationTest@6b09fb41]" name="loginErrorValidation" class="com.abhishek.ErrorVaalidationTest"/>
      </group> <!-- ErrorHandling -->
    </groups>
    <test started-at="2024-08-31T12:50:54 IST" name="SubmitOrder" finished-at="2024-08-31T12:51:02 IST" duration-ms="7773">
      <class name="com.abhishek.SubmitOrder">
        <test-method is-config="true" signature="luanchApplication()[pri:0, instance:com.abhishek.SubmitOrder@6c284af]" started-at="2024-08-31T12:50:54 IST" name="luanchApplication" finished-at="2024-08-31T12:50:57 IST" duration-ms="2762" status="PASS">
          <reporter-output>
          </reporter-output>
        </test-method> <!-- luanchApplication -->
        <test-method signature="submitOrder()[pri:0, instance:com.abhishek.SubmitOrder@6c284af]" started-at="2024-08-31T12:50:57 IST" name="submitOrder" finished-at="2024-08-31T12:51:02 IST" duration-ms="4776" status="FAIL">
          <exception class="org.openqa.selenium.ElementClickInterceptedException">
            <message>
              <![CDATA[element click intercepted: Element is not clickable at point (943, 653)
  (Session info: chrome=128.0.6613.113)
Build info: version: '4.24.0', revision: '748ffc9bc3'
System info: os.name: 'Windows 11', os.arch: 'amd64', os.version: '10.0', java.version: '21.0.1'
Driver info: org.openqa.selenium.chrome.ChromeDriver
Command: [f511dacedd5972fcd0288d41bd088360, clickElement {id=f.77BC24D3326872491D761910323912DE.d.D5D47B2E0CD80DC6F9CD8F41188CDBCA.e.126}]
Capabilities {acceptInsecureCerts: false, browserName: chrome, browserVersion: 128.0.6613.113, chrome: {chromedriverVersion: 128.0.6613.86 (3045ed680fda..., userDataDir: C:\Windows\SystemTemp\scope...}, fedcm:accounts: true, goog:chromeOptions: {debuggerAddress: localhost:58349}, networkConnectionEnabled: false, pageLoadStrategy: normal, platformName: windows, proxy: Proxy(), se:cdp: ws://localhost:58349/devtoo..., se:cdpVersion: 128.0.6613.113, setWindowRect: true, strictFileInteractability: false, timeouts: {implicit: 0, pageLoad: 300000, script: 30000}, unhandledPromptBehavior: dismiss and notify, webauthn:extension:credBlob: true, webauthn:extension:largeBlob: true, webauthn:extension:minPinLength: true, webauthn:extension:prf: true, webauthn:virtualAuthenticators: true}
Element: [[ChromeDriver: chrome on windows (f511dacedd5972fcd0288d41bd088360)] -> css selector: .action__submit]
Session ID: f511dacedd5972fcd0288d41bd088360]]>
            </message>
            <full-stacktrace>
              <![CDATA[org.openqa.selenium.ElementClickInterceptedException: element click intercepted: Element is not clickable at point (943, 653)
  (Session info: chrome=128.0.6613.113)
Build info: version: '4.24.0', revision: '748ffc9bc3'
System info: os.name: 'Windows 11', os.arch: 'amd64', os.version: '10.0', java.version: '21.0.1'
Driver info: org.openqa.selenium.chrome.ChromeDriver
Command: [f511dacedd5972fcd0288d41bd088360, clickElement {id=f.77BC24D3326872491D761910323912DE.d.D5D47B2E0CD80DC6F9CD8F41188CDBCA.e.126}]
Capabilities {acceptInsecureCerts: false, browserName: chrome, browserVersion: 128.0.6613.113, chrome: {chromedriverVersion: 128.0.6613.86 (3045ed680fda..., userDataDir: C:\Windows\SystemTemp\scope...}, fedcm:accounts: true, goog:chromeOptions: {debuggerAddress: localhost:58349}, networkConnectionEnabled: false, pageLoadStrategy: normal, platformName: windows, proxy: Proxy(), se:cdp: ws://localhost:58349/devtoo..., se:cdpVersion: 128.0.6613.113, setWindowRect: true, strictFileInteractability: false, timeouts: {implicit: 0, pageLoad: 300000, script: 30000}, unhandledPromptBehavior: dismiss and notify, webauthn:extension:credBlob: true, webauthn:extension:largeBlob: true, webauthn:extension:minPinLength: true, webauthn:extension:prf: true, webauthn:virtualAuthenticators: true}
Element: [[ChromeDriver: chrome on windows (f511dacedd5972fcd0288d41bd088360)] -> css selector: .action__submit]
Session ID: f511dacedd5972fcd0288d41bd088360
at java.base/jdk.internal.reflect.DirectConstructorHandleAccessor.newInstance(DirectConstructorHandleAccessor.java:62)
at java.base/java.lang.reflect.Constructor.newInstanceWithCaller(Constructor.java:502)
at java.base/java.lang.reflect.Constructor.newInstance(Constructor.java:486)
at org.openqa.selenium.remote.ErrorCodec.decode(ErrorCodec.java:167)
at org.openqa.selenium.remote.codec.w3c.W3CHttpResponseCodec.decode(W3CHttpResponseCodec.java:138)
at org.openqa.selenium.remote.codec.w3c.W3CHttpResponseCodec.decode(W3CHttpResponseCodec.java:50)
at org.openqa.selenium.remote.HttpCommandExecutor.execute(HttpCommandExecutor.java:190)
at org.openqa.selenium.remote.service.DriverCommandExecutor.invokeExecute(DriverCommandExecutor.java:216)
at org.openqa.selenium.remote.service.DriverCommandExecutor.execute(DriverCommandExecutor.java:174)
at org.openqa.selenium.remote.RemoteWebDriver.execute(RemoteWebDriver.java:545)
at org.openqa.selenium.remote.RemoteWebElement.execute(RemoteWebElement.java:223)
at org.openqa.selenium.remote.RemoteWebElement.click(RemoteWebElement.java:76)
at java.base/jdk.internal.reflect.DirectMethodHandleAccessor.invoke(DirectMethodHandleAccessor.java:103)
at java.base/java.lang.reflect.Method.invoke(Method.java:580)
at org.openqa.selenium.support.pagefactory.internal.LocatingElementHandler.invoke(LocatingElementHandler.java:51)
at jdk.proxy2/jdk.proxy2.$Proxy11.click(Unknown Source)
at com.abhishek.pageobjects.ChedckOutPage.SubmitOrder(ChedckOutPage.java:46)
at com.abhishek.SubmitOrder.submitOrder(SubmitOrder.java:36)
at java.base/jdk.internal.reflect.DirectMethodHandleAccessor.invoke(DirectMethodHandleAccessor.java:103)
at java.base/java.lang.reflect.Method.invoke(Method.java:580)
at org.testng.internal.invokers.MethodInvocationHelper.invokeMethod(MethodInvocationHelper.java:141)
at org.testng.internal.invokers.TestInvoker.invokeMethod(TestInvoker.java:686)
at org.testng.internal.invokers.TestInvoker.invokeTestMethod(TestInvoker.java:230)
at org.testng.internal.invokers.MethodRunner.runInSequence(MethodRunner.java:63)
at org.testng.internal.invokers.TestInvoker$MethodInvocationAgent.invoke(TestInvoker.java:992)
at org.testng.internal.invokers.TestInvoker.invokeTestMethods(TestInvoker.java:203)
at org.testng.internal.invokers.TestMethodWorker.invokeTestMethods(TestMethodWorker.java:154)
at org.testng.internal.invokers.TestMethodWorker.run(TestMethodWorker.java:134)
at java.base/java.util.ArrayList.forEach(ArrayList.java:1596)
at org.testng.TestRunner.privateRun(TestRunner.java:739)
at org.testng.TestRunner.run(TestRunner.java:614)
at org.testng.SuiteRunner.runTest(SuiteRunner.java:421)
at org.testng.SuiteRunner$SuiteWorker.run(SuiteRunner.java:463)
at org.testng.internal.thread.ThreadUtil.lambda$execute$0(ThreadUtil.java:64)
at java.base/java.util.concurrent.FutureTask.run(FutureTask.java:317)
at java.base/java.util.concurrent.ThreadPoolExecutor.runWorker(ThreadPoolExecutor.java:1144)
at java.base/java.util.concurrent.ThreadPoolExecutor$Worker.run(ThreadPoolExecutor.java:642)
at java.base/java.lang.Thread.run(Thread.java:1583)
]]>
            </full-stacktrace>
          </exception> <!-- org.openqa.selenium.ElementClickInterceptedException -->
          <reporter-output>
          </reporter-output>
        </test-method> <!-- submitOrder -->
        <test-method is-config="true" signature="tearDown()[pri:0, instance:com.abhishek.SubmitOrder@6c284af]" started-at="2024-08-31T12:51:02 IST" name="tearDown" finished-at="2024-08-31T12:51:02 IST" duration-ms="77" status="PASS">
          <reporter-output>
          </reporter-output>
        </test-method> <!-- tearDown -->
        <test-method signature="orderHistory()[pri:0, instance:com.abhishek.SubmitOrder@6c284af]" started-at="2024-08-31T12:51:02 IST" name="orderHistory" finished-at="2024-08-31T12:51:02 IST" depends-on-methods="com.abhishek.SubmitOrder.submitOrder" duration-ms="0" status="SKIP">
          <exception class="java.lang.Throwable">
            <message>
              <![CDATA[Method com.abhishek.SubmitOrder.orderHistory() on instance com.abhishek.SubmitOrder@6c284af depends on not successfully finished methods 
[com.abhishek.SubmitOrder.submitOrder() on instance com.abhishek.SubmitOrder@6c284af]]]>
            </message>
            <full-stacktrace>
              <![CDATA[java.lang.Throwable: Method com.abhishek.SubmitOrder.orderHistory() on instance com.abhishek.SubmitOrder@6c284af depends on not successfully finished methods 
[com.abhishek.SubmitOrder.submitOrder() on instance com.abhishek.SubmitOrder@6c284af]
at org.testng.internal.invokers.TestInvoker.invokeTestMethods(TestInvoker.java:159)
at org.testng.internal.invokers.TestMethodWorker.invokeTestMethods(TestMethodWorker.java:154)
at org.testng.internal.invokers.TestMethodWorker.run(TestMethodWorker.java:134)
at java.base/java.util.ArrayList.forEach(ArrayList.java:1596)
at org.testng.TestRunner.privateRun(TestRunner.java:739)
at org.testng.TestRunner.run(TestRunner.java:614)
at org.testng.SuiteRunner.runTest(SuiteRunner.java:421)
at org.testng.SuiteRunner$SuiteWorker.run(SuiteRunner.java:463)
at org.testng.internal.thread.ThreadUtil.lambda$execute$0(ThreadUtil.java:64)
at java.base/java.util.concurrent.FutureTask.run(FutureTask.java:317)
at java.base/java.util.concurrent.ThreadPoolExecutor.runWorker(ThreadPoolExecutor.java:1144)
at java.base/java.util.concurrent.ThreadPoolExecutor$Worker.run(ThreadPoolExecutor.java:642)
at java.base/java.lang.Thread.run(Thread.java:1583)
]]>
            </full-stacktrace>
          </exception> <!-- java.lang.Throwable -->
          <reporter-output>
          </reporter-output>
        </test-method> <!-- orderHistory -->
      </class> <!-- com.abhishek.SubmitOrder -->
    </test> <!-- SubmitOrder -->
    <test started-at="2024-08-31T12:50:54 IST" name="ErrorVaalidationTest" finished-at="2024-08-31T12:51:03 IST" duration-ms="8796">
      <class name="com.abhishek.ErrorVaalidationTest">
        <test-method is-config="true" signature="luanchApplication()[pri:0, instance:com.abhishek.ErrorVaalidationTest@6b09fb41]" started-at="2024-08-31T12:50:54 IST" name="luanchApplication" finished-at="2024-08-31T12:50:56 IST" duration-ms="2338" status="PASS">
          <reporter-output>
          </reporter-output>
        </test-method> <!-- luanchApplication -->
        <test-method signature="loginErrorValidation()[pri:0, instance:com.abhishek.ErrorVaalidationTest@6b09fb41]" started-at="2024-08-31T12:50:56 IST" name="loginErrorValidation" finished-at="2024-08-31T12:50:57 IST" duration-ms="748" status="PASS">
          <reporter-output>
          </reporter-output>
        </test-method> <!-- loginErrorValidation -->
        <test-method is-config="true" signature="tearDown()[pri:0, instance:com.abhishek.ErrorVaalidationTest@6b09fb41]" started-at="2024-08-31T12:50:57 IST" name="tearDown" finished-at="2024-08-31T12:50:57 IST" duration-ms="75" status="PASS">
          <reporter-output>
          </reporter-output>
        </test-method> <!-- tearDown -->
        <test-method is-config="true" signature="luanchApplication()[pri:0, instance:com.abhishek.ErrorVaalidationTest@6b09fb41]" started-at="2024-08-31T12:50:57 IST" name="luanchApplication" finished-at="2024-08-31T12:50:59 IST" duration-ms="2166" status="PASS">
          <reporter-output>
          </reporter-output>
        </test-method> <!-- luanchApplication -->
        <test-method signature="productErrorValidation()[pri:0, instance:com.abhishek.ErrorVaalidationTest@6b09fb41]" started-at="2024-08-31T12:50:59 IST" name="productErrorValidation" finished-at="2024-08-31T12:51:03 IST" duration-ms="3329" status="PASS">
          <reporter-output>
          </reporter-output>
        </test-method> <!-- productErrorValidation -->
        <test-method is-config="true" signature="tearDown()[pri:0, instance:com.abhishek.ErrorVaalidationTest@6b09fb41]" started-at="2024-08-31T12:51:03 IST" name="tearDown" finished-at="2024-08-31T12:51:03 IST" duration-ms="87" status="PASS">
          <reporter-output>
          </reporter-output>
        </test-method> <!-- tearDown -->
      </class> <!-- com.abhishek.ErrorVaalidationTest -->
    </test> <!-- ErrorVaalidationTest -->
  </suite> <!-- Suite -->
</testng-results>
