<?xml version="1.0" encoding="UTF-8"?>
<testng-results ignored="0" total="4" passed="4" failed="0" skipped="0">
  <reporter-output>
  </reporter-output>
  <suite started-at="2024-08-31T11:46:45 IST" name="Suite" finished-at="2024-08-31T11:46:54 IST" duration-ms="8856">
    <groups>
      <group name="ErrorHandling">
        <method signature="ErrorVaalidationTest.loginErrorValidation()[pri:0, instance:com.abhishek.ErrorVaalidationTest@1f760b47]" name="loginErrorValidation" class="com.abhishek.ErrorVaalidationTest"/>
      </group> <!-- ErrorHandling -->
    </groups>
    <test started-at="2024-08-31T11:46:45 IST" name="SubmitOrder" finished-at="2024-08-31T11:46:53 IST" duration-ms="8763">
      <class name="com.abhishek.SubmitOrder">
        <test-method is-config="true" signature="luanchApplication()[pri:0, instance:com.abhishek.SubmitOrder@1b919693]" started-at="2024-08-31T11:46:45 IST" name="luanchApplication" finished-at="2024-08-31T11:46:47 IST" duration-ms="2388" status="PASS">
          <reporter-output>
          </reporter-output>
        </test-method> <!-- luanchApplication -->
        <test-method signature="submitOrder()[pri:0, instance:com.abhishek.SubmitOrder@1b919693]" started-at="2024-08-31T11:46:47 IST" name="submitOrder" finished-at="2024-08-31T11:46:51 IST" duration-ms="3692" status="PASS">
          <reporter-output>
          </reporter-output>
        </test-method> <!-- submitOrder -->
        <test-method is-config="true" signature="tearDown()[pri:0, instance:com.abhishek.SubmitOrder@1b919693]" started-at="2024-08-31T11:46:51 IST" name="tearDown" finished-at="2024-08-31T11:46:51 IST" duration-ms="133" status="PASS">
          <reporter-output>
          </reporter-output>
        </test-method> <!-- tearDown -->
        <test-method is-config="true" signature="luanchApplication()[pri:0, instance:com.abhishek.SubmitOrder@1b919693]" started-at="2024-08-31T11:46:51 IST" name="luanchApplication" finished-at="2024-08-31T11:46:53 IST" duration-ms="1749" status="PASS">
          <reporter-output>
          </reporter-output>
        </test-method> <!-- luanchApplication -->
        <test-method signature="orderHistory()[pri:0, instance:com.abhishek.SubmitOrder@1b919693]" started-at="2024-08-31T11:46:53 IST" name="orderHistory" finished-at="2024-08-31T11:46:53 IST" depends-on-methods="com.abhishek.SubmitOrder.submitOrder" duration-ms="637" status="PASS">
          <reporter-output>
          </reporter-output>
        </test-method> <!-- orderHistory -->
        <test-method is-config="true" signature="tearDown()[pri:0, instance:com.abhishek.SubmitOrder@1b919693]" started-at="2024-08-31T11:46:53 IST" name="tearDown" finished-at="2024-08-31T11:46:53 IST" duration-ms="113" status="PASS">
          <reporter-output>
          </reporter-output>
        </test-method> <!-- tearDown -->
      </class> <!-- com.abhishek.SubmitOrder -->
    </test> <!-- SubmitOrder -->
    <test started-at="2024-08-31T11:46:45 IST" name="ErrorVaalidationTest" finished-at="2024-08-31T11:46:54 IST" duration-ms="8856">
      <class name="com.abhishek.ErrorVaalidationTest">
        <test-method is-config="true" signature="luanchApplication()[pri:0, instance:com.abhishek.ErrorVaalidationTest@1f760b47]" started-at="2024-08-31T11:46:45 IST" name="luanchApplication" finished-at="2024-08-31T11:46:47 IST" duration-ms="2326" status="PASS">
          <reporter-output>
          </reporter-output>
        </test-method> <!-- luanchApplication -->
        <test-method signature="loginErrorValidation()[pri:0, instance:com.abhishek.ErrorVaalidationTest@1f760b47]" started-at="2024-08-31T11:46:47 IST" name="loginErrorValidation" finished-at="2024-08-31T11:46:48 IST" duration-ms="483" status="PASS">
          <reporter-output>
          </reporter-output>
        </test-method> <!-- loginErrorValidation -->
        <test-method is-config="true" signature="tearDown()[pri:0, instance:com.abhishek.ErrorVaalidationTest@1f760b47]" started-at="2024-08-31T11:46:48 IST" name="tearDown" finished-at="2024-08-31T11:46:48 IST" duration-ms="89" status="PASS">
          <reporter-output>
          </reporter-output>
        </test-method> <!-- tearDown -->
        <test-method is-config="true" signature="luanchApplication()[pri:0, instance:com.abhishek.ErrorVaalidationTest@1f760b47]" started-at="2024-08-31T11:46:48 IST" name="luanchApplication" finished-at="2024-08-31T11:46:51 IST" duration-ms="2898" status="PASS">
          <reporter-output>
          </reporter-output>
        </test-method> <!-- luanchApplication -->
        <test-method signature="productErrorValidation()[pri:0, instance:com.abhishek.ErrorVaalidationTest@1f760b47]" started-at="2024-08-31T11:46:51 IST" name="productErrorValidation" finished-at="2024-08-31T11:46:53 IST" duration-ms="2902" status="PASS">
          <reporter-output>
          </reporter-output>
        </test-method> <!-- productErrorValidation -->
        <test-method is-config="true" signature="tearDown()[pri:0, instance:com.abhishek.ErrorVaalidationTest@1f760b47]" started-at="2024-08-31T11:46:53 IST" name="tearDown" finished-at="2024-08-31T11:46:54 IST" duration-ms="108" status="PASS">
          <reporter-output>
          </reporter-output>
        </test-method> <!-- tearDown -->
      </class> <!-- com.abhishek.ErrorVaalidationTest -->
    </test> <!-- ErrorVaalidationTest -->
  </suite> <!-- Suite -->
</testng-results>
